<?xml version="1.0" encoding="utf-8"?><testsuites><testsuite name="pytest" errors="0" failures="1" skipped="0" tests="12" time="1.194" timestamp="2026-07-12T22:43:51.962242+00:00" hostname="agent-env-422a889f-2377-4f59-b428-5e5a3adc748e"><testcase classname="tests.api.test_public_url_e2e" name="test_health_ok" time="0.239" /><testcase classname="tests.api.test_public_url_e2e" name="test_sprint_meta_all_six_ac_met" time="0.050" /><testcase classname="tests.api.test_public_url_e2e" name="test_get_orgs_me_requires_auth" time="0.051" /><testcase classname="tests.api.test_public_url_e2e" name="test_list_members_requires_auth" time="0.051" /><testcase classname="tests.api.test_public_url_e2e" name="test_bootstrap_slug_idempotency_returns_409" time="0.121"><failure message="AssertionError: expected 409, got 500: Internal Server Error&#10;assert 500 == 409&#10; +  where 500 = &lt;Response [500]&gt;.status_code">tests/api/test_public_url_e2e.py:122: in test_bootstrap_slug_idempotency_returns_409
    assert r.status_code == 409, f"expected 409, got {r.status_code}: {r.text}"
E   AssertionError: expected 409, got 500: Internal Server Error
E   assert 500 == 409
E    +  where 500 = &lt;Response [500]&gt;.status_code</failure></testcase><testcase classname="tests.api.test_public_url_e2e" name="test_get_orgs_me_with_token" time="0.047" /><testcase classname="tests.api.test_public_url_e2e" name="test_members_list_shows_founder_as_owner" time="0.046" /><testcase classname="tests.api.test_public_url_e2e" name="test_invite_viewer_gets_403" time="0.042" /><testcase classname="tests.api.test_public_url_e2e" name="test_invite_manager_can_create_and_accept" time="0.111" /><testcase classname="tests.api.test_public_url_e2e" name="test_invite_accept_bad_token_returns_404" time="0.044" /><testcase classname="tests.api.test_public_url_e2e" name="test_cross_tenant_property_isolation" time="0.253" /><testcase classname="tests.api.test_public_url_e2e" name="test_property_write_denied_for_viewer" time="0.044" /></testsuite></testsuites>