<?xml version="1.0" encoding="utf-8"?><testsuites><testsuite name="pytest" errors="0" failures="0" skipped="0" tests="51" time="0.885" timestamp="2026-07-12T22:42:58.182658+00:00" hostname="agent-env-422a889f-2377-4f59-b428-5e5a3adc748e"><testcase classname="tests.api.test_identity_api" name="test_health" time="0.027" /><testcase classname="tests.api.test_identity_api" name="test_sprint_meta" time="0.007" /><testcase classname="tests.api.test_identity_api" name="test_bootstrap_and_list" time="0.110" /><testcase classname="tests.api.test_identity_api" name="test_cross_org_api_is_denied" time="0.037" /><testcase classname="tests.api.test_identity_api" name="test_missing_auth_is_401" time="0.006" /><testcase classname="tests.integration.test_import_linter" name="test_import_linter_is_green_baseline" time="0.079" /><testcase classname="tests.integration.test_import_linter" name="test_import_linter_would_catch_a_violation" time="0.082" /><testcase classname="tests.rls.test_cross_tenant_isolation" name="test_missing_tenancy_context_denies_query" time="0.024" /><testcase classname="tests.rls.test_cross_tenant_isolation" name="test_org_a_cannot_read_org_b_property" time="0.026" /><testcase classname="tests.rls.test_cross_tenant_isolation" name="test_org_a_cannot_read_org_b_member" time="0.028" /><testcase classname="tests.rls.test_cross_tenant_isolation" name="test_org_a_cannot_read_org_b_organization" time="0.025" /><testcase classname="tests.rls.test_cross_tenant_isolation" name="test_org_a_cannot_write_row_for_org_b" time="0.024" /><testcase classname="tests.rls.test_cross_tenant_isolation" name="test_org_a_cannot_update_org_b_row_via_raw_sql" time="0.023" /><testcase classname="tests.rls.test_cross_tenant_isolation" name="test_forgetting_org_id_write_is_blocked" time="0.027" /><testcase classname="tests.rls.test_cross_tenant_isolation" name="test_service_role_bypass_still_works_for_ingestion" time="0.028" /><testcase classname="tests.rls.test_cross_tenant_isolation" name="test_guc_is_local_not_session" time="0.025" /><testcase classname="tests.rls.test_rbac_matrix" name="test_role_meets_or_denied[10-admin.impersonate]" time="0.000" /><testcase classname="tests.rls.test_rbac_matrix" name="test_role_meets_or_denied[10-org.invite]" time="0.000" /><testcase classname="tests.rls.test_rbac_matrix" name="test_role_meets_or_denied[10-org.member.remove]" time="0.000" /><testcase classname="tests.rls.test_rbac_matrix" name="test_role_meets_or_denied[10-org.member.role]" time="0.000" /><testcase classname="tests.rls.test_rbac_matrix" name="test_role_meets_or_denied[10-org.read]" time="0.000" /><testcase classname="tests.rls.test_rbac_matrix" name="test_role_meets_or_denied[10-property.read]" time="0.000" /><testcase classname="tests.rls.test_rbac_matrix" name="test_role_meets_or_denied[10-property.write]" time="0.000" /><testcase classname="tests.rls.test_rbac_matrix" name="test_role_meets_or_denied[20-admin.impersonate]" time="0.000" /><testcase classname="tests.rls.test_rbac_matrix" name="test_role_meets_or_denied[20-org.invite]" time="0.000" /><testcase classname="tests.rls.test_rbac_matrix" name="test_role_meets_or_denied[20-org.member.remove]" time="0.000" /><testcase classname="tests.rls.test_rbac_matrix" name="test_role_meets_or_denied[20-org.member.role]" time="0.000" /><testcase classname="tests.rls.test_rbac_matrix" name="test_role_meets_or_denied[20-org.read]" time="0.000" /><testcase classname="tests.rls.test_rbac_matrix" name="test_role_meets_or_denied[20-property.read]" time="0.000" /><testcase classname="tests.rls.test_rbac_matrix" name="test_role_meets_or_denied[20-property.write]" time="0.000" /><testcase classname="tests.rls.test_rbac_matrix" name="test_role_meets_or_denied[30-admin.impersonate]" time="0.000" /><testcase classname="tests.rls.test_rbac_matrix" name="test_role_meets_or_denied[30-org.invite]" time="0.000" /><testcase classname="tests.rls.test_rbac_matrix" name="test_role_meets_or_denied[30-org.member.remove]" time="0.000" /><testcase classname="tests.rls.test_rbac_matrix" name="test_role_meets_or_denied[30-org.member.role]" time="0.000" /><testcase classname="tests.rls.test_rbac_matrix" name="test_role_meets_or_denied[30-org.read]" time="0.000" /><testcase classname="tests.rls.test_rbac_matrix" name="test_role_meets_or_denied[30-property.read]" time="0.000" /><testcase classname="tests.rls.test_rbac_matrix" name="test_role_meets_or_denied[30-property.write]" time="0.000" /><testcase classname="tests.rls.test_rbac_matrix" name="test_role_meets_or_denied[40-admin.impersonate]" time="0.000" /><testcase classname="tests.rls.test_rbac_matrix" name="test_role_meets_or_denied[40-org.invite]" time="0.000" /><testcase classname="tests.rls.test_rbac_matrix" name="test_role_meets_or_denied[40-org.member.remove]" time="0.000" /><testcase classname="tests.rls.test_rbac_matrix" name="test_role_meets_or_denied[40-org.member.role]" time="0.000" /><testcase classname="tests.rls.test_rbac_matrix" name="test_role_meets_or_denied[40-org.read]" time="0.000" /><testcase classname="tests.rls.test_rbac_matrix" name="test_role_meets_or_denied[40-property.read]" time="0.000" /><testcase classname="tests.rls.test_rbac_matrix" name="test_role_meets_or_denied[40-property.write]" time="0.000" /><testcase classname="tests.rls.test_rbac_matrix" name="test_role_meets_or_denied[50-admin.impersonate]" time="0.000" /><testcase classname="tests.rls.test_rbac_matrix" name="test_role_meets_or_denied[50-org.invite]" time="0.000" /><testcase classname="tests.rls.test_rbac_matrix" name="test_role_meets_or_denied[50-org.member.remove]" time="0.000" /><testcase classname="tests.rls.test_rbac_matrix" name="test_role_meets_or_denied[50-org.member.role]" time="0.000" /><testcase classname="tests.rls.test_rbac_matrix" name="test_role_meets_or_denied[50-org.read]" time="0.000" /><testcase classname="tests.rls.test_rbac_matrix" name="test_role_meets_or_denied[50-property.read]" time="0.000" /><testcase classname="tests.rls.test_rbac_matrix" name="test_role_meets_or_denied[50-property.write]" time="0.000" /></testsuite></testsuites>